<?xml version="1.0" encoding="UTF-8"?>
<!-- Generated by org.testng.reporters.JUnitXMLReporter -->
<testsuite ignored="0" hostname="Asplap2656" failures="1" tests="1" name="Report" time="47.188" errors="0" timestamp="2024-01-25T15:20:32 IST">
  <testcase classname="com.OrangeHRM.testscripts.RecruitmentTestSuite" name="TC401" time="38.126">
    <failure type="java.lang.AssertionError" message="Failed to type on Username field org.openqa.selenium.TimeoutException: Expected condition failed: waiting for com.OrangeHRM.utils.BrowserActions$2@473cf2b7 (tried for 30 second(s) with 500 milliseconds interval)">
      <![CDATA[java.lang.AssertionError: Failed to type on Username field org.openqa.selenium.TimeoutException: Expected condition failed: waiting for com.OrangeHRM.utils.BrowserActions$2@473cf2b7 (tried for 30 second(s) with 500 milliseconds interval)
at org.testng.Assert.fail(Assert.java:111)
at com.OrangeHRM.utils.Log.fail(Log.java:624)
at com.OrangeHRM.utils.BrowserActions.type(BrowserActions.java:251)
at com.OrangeHRM.utils.BrowserActions.type(BrowserActions.java:193)
at com.OrangeHRM.pages.LoginPage.enterUsername(LoginPage.java:92)
at com.OrangeHRM.pages.LoginPage.LoginToApplication(LoginPage.java:128)
at com.OrangeHRM.testscripts.RecruitmentTestSuite.TC401(RecruitmentTestSuite.java:57)
at java.base/jdk.internal.reflect.NativeMethodAccessorImpl.invoke0(Native Method)
at java.base/jdk.internal.reflect.NativeMethodAccessorImpl.invoke(NativeMethodAccessorImpl.java:77)
at java.base/jdk.internal.reflect.DelegatingMethodAccessorImpl.invoke(DelegatingMethodAccessorImpl.java:43)
at java.base/java.lang.reflect.Method.invoke(Method.java:568)
at org.testng.internal.invokers.MethodInvocationHelper.invokeMethod(MethodInvocationHelper.java:139)
at org.testng.internal.invokers.TestInvoker.invokeMethod(TestInvoker.java:664)
at org.testng.internal.invokers.TestInvoker.invokeTestMethod(TestInvoker.java:227)
at org.testng.internal.invokers.MethodRunner.runInSequence(MethodRunner.java:50)
at org.testng.internal.invokers.TestInvoker$MethodInvocationAgent.invoke(TestInvoker.java:957)
at org.testng.internal.invokers.TestInvoker.invokeTestMethods(TestInvoker.java:200)
at org.testng.internal.invokers.TestMethodWorker.invokeTestMethods(TestMethodWorker.java:148)
at org.testng.internal.invokers.TestMethodWorker.run(TestMethodWorker.java:128)
at java.base/java.util.concurrent.ThreadPoolExecutor.runWorker(ThreadPoolExecutor.java:1136)
at java.base/java.util.concurrent.ThreadPoolExecutor$Worker.run(ThreadPoolExecutor.java:635)
at java.base/java.lang.Thread.run(Thread.java:833)
]]>
    </failure>
  </testcase> <!-- TC401 -->
</testsuite> <!-- Report -->
