<html>
<head>
<title>TestNG:  Report</title>
<link href="../testng.css" rel="stylesheet" type="text/css" />
<link href="../my-testng.css" rel="stylesheet" type="text/css" />

<style type="text/css">
.log { display: none;} 
.stack-trace { display: none;} 
</style>
<script type="text/javascript">
<!--
function flip(e) {
  current = e.style.display;
  if (current == 'block') {
    e.style.display = 'none';
    return 0;
  }
  else {
    e.style.display = 'block';
    return 1;
  }
}

function toggleBox(szDivId, elem, msg1, msg2)
{
  var res = -1;  if (document.getElementById) {
    res = flip(document.getElementById(szDivId));
  }
  else if (document.all) {
    // this is the way old msie versions work
    res = flip(document.all[szDivId]);
  }
  if(elem) {
    if(res == 0) elem.innerHTML = msg1; else elem.innerHTML = msg2;
  }

}

function toggleAllBoxes() {
  if (document.getElementsByTagName) {
    d = document.getElementsByTagName('div');
    for (i = 0; i < d.length; i++) {
      if (d[i].className == 'log') {
        flip(d[i]);
      }
    }
  }
}

// -->
</script>

</head>
<body>
<h2 align='center'>Report</h2><table border='1' align="center">
<tr>
<td>Tests passed/Failed/Skipped:</td><td>0/1/0</td>
</tr><tr>
<td>Started on:</td><td>Thu Jan 25 15:19:45 IST 2024</td>
</tr>
<tr><td>Total time:</td><td>47 seconds (47188 ms)</td>
</tr><tr>
<td>Included groups:</td><td></td>
</tr><tr>
<td>Excluded groups:</td><td></td>
</tr>
</table><p/>
<small><i>(Hover the method name to see the test class name)</i></small><p/>
<table width='100%' border='1' class='invocation-failed'>
<tr><td colspan='4' align='center'><b>FAILED TESTS</b></td></tr>
<tr><td><b>Test method</b></td>
<td><b>Attribute(s)</b></td>
<td width="30%"><b>Exception</b></td>
<td width="10%"><b>Time (seconds)</b></td>
<td><b>Instance</b></td>
</tr>
<tr>
<td title='com.OrangeHRM.testscripts.RecruitmentTestSuite.TC401()'><b>TC401</b><br>Test class: com.OrangeHRM.testscripts.RecruitmentTestSuite<br>Test method: Add new candidate and Hire<br>Parameters: chrome<br/>
<a href="#Output-2083949885" onClick='toggleBox("Output-2083949885", this, "Show output", "Hide output");'>Show output</a>

<a href="#Output-2083949885" onClick="toggleAllBoxes();">Show all outputs</a>
<div class='log' id="Output-2083949885">
<div class="test-event"> <font color="maroon"> <small> &emsp; &emsp;--- 25 Jan 15:19:46 300 - TestCaseID:: TC401</small> </font> </div><br/>
<div class="test-event"> <font color="maroon"> <small> &emsp; &emsp;--- 25 Jan 15:19:54 749 - <b>8</b> - Driver::initialize::Get - com.OrangeHRM.utils.WebDriverFactory.getDriver(WebDriverFactory.java:767)</small> </font> </div><br/>
<div class="test-event"> <font color="maroon"> <small> &emsp; &emsp;--- 25 Jan 15:19:54 763 - WebDriver session: ChromeDriver: chrome on windows (a0acd2f3fff3dc8fc6ee16f9ac4ca02a)</small> </font> </div><br/>
&emsp;<div class="test-title"> <strong><font size = "3" color = "#000080">Add new candidate and Hire</font> </strong> </div>&emsp;<div><strong>Steps:</strong></div><!-- Report -->&emsp;<br/>
<div class="test-event"> <font color="maroon"> <small> &emsp; &emsp;--- 25 Jan 15:19:54 802 - Fetching test data from excel sheet</small> </font> </div><br/>
<!--FAIL--><br/>
<div class="test-result"><br><font color="red"><strong> Failed to type on Username field org.openqa.selenium.TimeoutException: Expected condition failed: waiting for com.OrangeHRM.utils.BrowserActions$2@473cf2b7 (tried for 30 second(s) with 500 milliseconds interval) </strong></font> <a href=".\ScreenShot\TC401_1.png" target="_blank" >[ScreenShot]</a></div>&emsp;<br/>
<div class="test-event"> <font color="maroon"> <small> &emsp; &emsp;--- 25 Jan 15:20:32 649 - WebDriver session: ChromeDriver: chrome on windows (a0acd2f3fff3dc8fc6ee16f9ac4ca02a)</small> </font> </div><br/>
</div>
</td>
<td><div><pre>java.lang.AssertionError: Failed to type on Username field org.openqa.selenium.TimeoutException: Expected condition failed: waiting for com.OrangeHRM.utils.BrowserActions$2@473cf2b7 (tried for 30 second(s) with 500 milliseconds interval)
	at org.testng.Assert.fail(Assert.java:111)
	at com.OrangeHRM.utils.Log.fail(Log.java:624)
	at com.OrangeHRM.utils.BrowserActions.type(BrowserActions.java:251)
	at com.OrangeHRM.utils.BrowserActions.type(BrowserActions.java:193)
	at com.OrangeHRM.pages.LoginPage.enterUsername(LoginPage.java:92)
	at com.OrangeHRM.pages.LoginPage.LoginToApplication(LoginPage.java:128)
	at com.OrangeHRM.testscripts.RecruitmentTestSuite.TC401(RecruitmentTestSuite.java:57)
	at java.base/jdk.internal.reflect.NativeMethodAccessorImpl.invoke0(Native Method)
	at java.base/jdk.internal.reflect.NativeMethodAccessorImpl.invoke(NativeMethodAccessorImpl.java:77)
	at java.base/jdk.internal.reflect.DelegatingMethodAccessorImpl.invoke(DelegatingMethodAccessorImpl.java:43)
	at java.base/java.lang.reflect.Method.invoke(Method.java:568)
	at org.testng.internal.invokers.MethodInvocationHelper.invokeMethod(MethodInvocationHelper.java:139)
	at org.testng.internal.invokers.TestInvoker.invokeMethod(TestInvoker.java:664)
	at org.testng.internal.invokers.TestInvoker.invokeTestMethod(TestInvoker.java:227)
	at org.testng.internal.invokers.MethodRunner.runInSequence(MethodRunner.java:50)
	at org.testng.internal.invokers.TestInvoker$MethodInvocationAgent.invoke(TestInvoker.java:957)
	at org.testng.internal.invokers.TestInvoker.invokeTestMethods(TestInvoker.java:200)
	at org.testng.internal.invokers.TestMethodWorker.invokeTestMethods(TestMethodWorker.java:148)
	at org.testng.internal.invokers.TestMethodWorker.run(TestMethodWorker.java:128)
	at java.base/java.util.concurrent.ThreadPoolExecutor.runWorker(ThreadPoolExecutor.java:1136)
	at java.base/java.util.concurrent.ThreadPoolExecutor$Worker.run(ThreadPoolExecutor.java:635)
	at java.base/java.lang.Thread.run(Thread.java:833)
</pre></div><a href='#' onClick='toggleBox("stack-trace2083949885", this, "Click to show all stack frames", "Click to hide stack frames")'>Click to show all stack frames</a>
<div class='stack-trace' id='stack-trace2083949885'><pre>java.lang.AssertionError: Failed to type on Username field org.openqa.selenium.TimeoutException: Expected condition failed: waiting for com.OrangeHRM.utils.BrowserActions$2@473cf2b7 (tried for 30 second(s) with 500 milliseconds interval)
	at org.testng.Assert.fail(Assert.java:111)
	at com.OrangeHRM.utils.Log.fail(Log.java:624)
	at com.OrangeHRM.utils.BrowserActions.type(BrowserActions.java:251)
	at com.OrangeHRM.utils.BrowserActions.type(BrowserActions.java:193)
	at com.OrangeHRM.pages.LoginPage.enterUsername(LoginPage.java:92)
	at com.OrangeHRM.pages.LoginPage.LoginToApplication(LoginPage.java:128)
	at com.OrangeHRM.testscripts.RecruitmentTestSuite.TC401(RecruitmentTestSuite.java:57)
	at java.base/jdk.internal.reflect.NativeMethodAccessorImpl.invoke0(Native Method)
	at java.base/jdk.internal.reflect.NativeMethodAccessorImpl.invoke(NativeMethodAccessorImpl.java:77)
	at java.base/jdk.internal.reflect.DelegatingMethodAccessorImpl.invoke(DelegatingMethodAccessorImpl.java:43)
	at java.base/java.lang.reflect.Method.invoke(Method.java:568)
	at org.testng.internal.invokers.MethodInvocationHelper.invokeMethod(MethodInvocationHelper.java:139)
	at org.testng.internal.invokers.TestInvoker.invokeMethod(TestInvoker.java:664)
	at org.testng.internal.invokers.TestInvoker.invokeTestMethod(TestInvoker.java:227)
	at org.testng.internal.invokers.MethodRunner.runInSequence(MethodRunner.java:50)
	at org.testng.internal.invokers.TestInvoker$MethodInvocationAgent.invoke(TestInvoker.java:957)
	at org.testng.internal.invokers.TestInvoker.invokeTestMethods(TestInvoker.java:200)
	at org.testng.internal.invokers.TestMethodWorker.invokeTestMethods(TestMethodWorker.java:148)
	at org.testng.internal.invokers.TestMethodWorker.run(TestMethodWorker.java:128)
	at java.base/java.util.concurrent.ThreadPoolExecutor.runWorker(ThreadPoolExecutor.java:1136)
	at java.base/java.util.concurrent.ThreadPoolExecutor$Worker.run(ThreadPoolExecutor.java:635)
	at java.base/java.lang.Thread.run(Thread.java:833)
</pre></div></td>
<td>38</td>
<td>com.OrangeHRM.testscripts.RecruitmentTestSuite@3d7fa3ae</td></tr>
</table><p>
</body>
</html>