<!DOCTYPE html PUBLIC "-//W3C//DTD XHTML 1.1//EN" "https://www.w3.org/TR/xhtml11/DTD/xhtml11.dtd">
<html xmlns="https://www.w3.org/1999/xhtml">
<head>
<meta http-equiv="content-type" content="text/html; charset=UTF-8"/>
<title>TestNG Report</title>
<style type="text/css">table {margin-bottom:10px;border-collapse:collapse;empty-cells:show}th,td {border:1px solid #009;padding:.25em .5em}th {vertical-align:bottom}td {vertical-align:top}table a {font-weight:bold}.stripe td {background-color: #E6EBF9}.num {text-align:right}.passedodd td {background-color: #3F3}.passedeven td {background-color: #0A0}.skippedodd td {background-color: #DDD}.skippedeven td {background-color: #CCC}.failedodd td,.attn {background-color: #F33}.failedeven td,.stripe .attn {background-color: #D00}.stacktrace {white-space:pre;font-family:monospace}.totop {font-size:85%;text-align:center;border-bottom:2px solid #000}.invisible {display:none}</style>
</head>
<body>
<table>
<tr><th>Test</th><th># Passed</th><th># Skipped</th><th># Retried</th><th># Failed</th><th>Time (ms)</th><th>Included Groups</th><th>Excluded Groups</th></tr>
<tr><th colspan="8">PC_InlandMarineSuite</th></tr>
<tr><td><a href="#t0">Report</a></td><td class="num">0</td><td class="num">0</td><td class="num">0</td><td class="num attn">1</td><td class="num">47,188</td><td></td><td></td></tr>
</table>
<table id='summary'><thead><tr><th>Class</th><th>Method</th><th>Start</th><th>Time (ms)</th></tr></thead><tbody><tr><th colspan="4">PC_InlandMarineSuite</th></tr></tbody><tbody id="t0"><tr><th colspan="4">Report &#8212; failed</th></tr><tr class="failedeven"><td rowspan="1">com.OrangeHRM.testscripts.RecruitmentTestSuite</td><td><a href="#m0">TC401</a></td><td rowspan="1">1706176194738</td><td rowspan="1">38126</td></tr></tbody>
</table>
<h2>Report</h2><h3 id="m0">com.OrangeHRM.testscripts.RecruitmentTestSuite#TC401</h3><table class="result"><tr class="param"><th>Parameter #1</th></tr><tr class="param stripe"><td>chrome</td></tr><tr><th>Messages</th></tr><tr><td><div class="messages"><div class="test-event"> <font color="maroon"> <small> &emsp; &emsp;--- 25 Jan 15:19:46 300 - TestCaseID:: TC401</small> </font> </div><br/><div class="test-event"> <font color="maroon"> <small> &emsp; &emsp;--- 25 Jan 15:19:54 749 - <b>8</b> - Driver::initialize::Get - com.OrangeHRM.utils.WebDriverFactory.getDriver(WebDriverFactory.java:767)</small> </font> </div><br/><div class="test-event"> <font color="maroon"> <small> &emsp; &emsp;--- 25 Jan 15:19:54 763 - WebDriver session: ChromeDriver: chrome on windows (a0acd2f3fff3dc8fc6ee16f9ac4ca02a)</small> </font> </div><br/>&emsp;<div class="test-title"> <strong><font size = "3" color = "#000080">Add new candidate and Hire</font> </strong> </div>&emsp;<div><strong>Steps:</strong></div><!-- Report -->&emsp;<br/><div class="test-event"> <font color="maroon"> <small> &emsp; &emsp;--- 25 Jan 15:19:54 802 - Fetching test data from excel sheet</small> </font> </div><br/><!--FAIL--><br/><div class="test-result"><br><font color="red"><strong> Failed to type on Username field org.openqa.selenium.TimeoutException: Expected condition failed: waiting for com.OrangeHRM.utils.BrowserActions$2@473cf2b7 (tried for 30 second(s) with 500 milliseconds interval) </strong></font> <a href=".\ScreenShot\TC401_1.png" target="_blank" >[ScreenShot]</a></div>&emsp;<br/><div class="test-event"> <font color="maroon"> <small> &emsp; &emsp;--- 25 Jan 15:20:32 649 - WebDriver session: ChromeDriver: chrome on windows (a0acd2f3fff3dc8fc6ee16f9ac4ca02a)</small> </font> </div></div></td></tr><tr><th>Exception</th></tr><tr><td><div class="stacktrace">java.lang.AssertionError: Failed to type on Username field org.openqa.selenium.TimeoutException: Expected condition failed: waiting for com.OrangeHRM.utils.BrowserActions$2@473cf2b7 (tried for 30 second(s) with 500 milliseconds interval)
	at org.testng.Assert.fail(Assert.java:111)
	at com.OrangeHRM.utils.Log.fail(Log.java:624)
	at com.OrangeHRM.utils.BrowserActions.type(BrowserActions.java:251)
	at com.OrangeHRM.utils.BrowserActions.type(BrowserActions.java:193)
	at com.OrangeHRM.pages.LoginPage.enterUsername(LoginPage.java:92)
	at com.OrangeHRM.pages.LoginPage.LoginToApplication(LoginPage.java:128)
	at com.OrangeHRM.testscripts.RecruitmentTestSuite.TC401(RecruitmentTestSuite.java:57)
	at java.base/jdk.internal.reflect.NativeMethodAccessorImpl.invoke0(Native Method)
	at java.base/jdk.internal.reflect.NativeMethodAccessorImpl.invoke(NativeMethodAccessorImpl.java:77)
	at java.base/jdk.internal.reflect.DelegatingMethodAccessorImpl.invoke(DelegatingMethodAccessorImpl.java:43)
	at java.base/java.lang.reflect.Method.invoke(Method.java:568)
	at org.testng.internal.invokers.MethodInvocationHelper.invokeMethod(MethodInvocationHelper.java:139)
	at org.testng.internal.invokers.TestInvoker.invokeMethod(TestInvoker.java:664)
	at org.testng.internal.invokers.TestInvoker.invokeTestMethod(TestInvoker.java:227)
	at org.testng.internal.invokers.MethodRunner.runInSequence(MethodRunner.java:50)
	at org.testng.internal.invokers.TestInvoker$MethodInvocationAgent.invoke(TestInvoker.java:957)
	at org.testng.internal.invokers.TestInvoker.invokeTestMethods(TestInvoker.java:200)
	at org.testng.internal.invokers.TestMethodWorker.invokeTestMethods(TestMethodWorker.java:148)
	at org.testng.internal.invokers.TestMethodWorker.run(TestMethodWorker.java:128)
	at java.base/java.util.concurrent.ThreadPoolExecutor.runWorker(ThreadPoolExecutor.java:1136)
	at java.base/java.util.concurrent.ThreadPoolExecutor$Worker.run(ThreadPoolExecutor.java:635)
	at java.base/java.lang.Thread.run(Thread.java:833)
</div></td></tr></table><p class="totop"><a href="#summary">back to summary</a></p>
</body>
</html>
